{"/Users/evandouglass/Code/apps/random-insights/src/components/Card.tsx": {"path":"/Users/evandouglass/Code/apps/random-insights/src/components/Card.tsx","statementMap":{"0":{"start":{"line":18,"column":2},"end":{"line":30,"column":4}},"1":{"start":{"line":33,"column":34},"end":{"line":38,"column":1}},"2":{"start":{"line":40,"column":34},"end":{"line":43,"column":1}},"3":{"start":{"line":45,"column":38},"end":{"line":49,"column":1}},"4":{"start":{"line":51,"column":26},"end":{"line":55,"column":1}}},"fnMap":{"0":{"name":"Card","decl":{"start":{"line":17,"column":16},"end":{"line":17,"column":20}},"loc":{"start":{"line":17,"column":53},"end":{"line":31,"column":1}},"line":17}},"branchMap":{},"s":{"0":0,"1":0,"2":0,"3":0,"4":0},"f":{"0":0},"b":{}}
,"/Users/evandouglass/Code/apps/random-insights/src/components/MeditationTypeCard.tsx": {"path":"/Users/evandouglass/Code/apps/random-insights/src/components/MeditationTypeCard.tsx","statementMap":{"0":{"start":{"line":7,"column":38},"end":{"line":9,"column":3}},"1":{"start":{"line":14,"column":28},"end":{"line":20,"column":3}},"2":{"start":{"line":15,"column":15},"end":{"line":15,"column":47}},"3":{"start":{"line":16,"column":4},"end":{"line":18,"column":5}},"4":{"start":{"line":17,"column":6},"end":{"line":17,"column":46}},"5":{"start":{"line":19,"column":4},"end":{"line":19,"column":24}},"6":{"start":{"line":22,"column":2},"end":{"line":26,"column":4}}},"fnMap":{"0":{"name":"MeditationTypeCard","decl":{"start":{"line":6,"column":16},"end":{"line":6,"column":34}},"loc":{"start":{"line":6,"column":37},"end":{"line":27,"column":1}},"line":6},"1":{"name":"(anonymous_1)","decl":{"start":{"line":14,"column":28},"end":{"line":14,"column":29}},"loc":{"start":{"line":14,"column":34},"end":{"line":20,"column":3}},"line":14}},"branchMap":{},"s":{"0":0,"1":0,"2":0,"3":0,"4":0,"5":0,"6":0},"f":{"0":0,"1":0},"b":{}}
,"/Users/evandouglass/Code/apps/random-insights/src/components/index.ts": {"path":"/Users/evandouglass/Code/apps/random-insights/src/components/index.ts","statementMap":{},"fnMap":{},"branchMap":{},"s":{},"f":{},"b":{}}
,"/Users/evandouglass/Code/apps/random-insights/src/i18n/en.ts": {"path":"/Users/evandouglass/Code/apps/random-insights/src/i18n/en.ts","statementMap":{"0":{"start":{"line":1,"column":11},"end":{"line":94,"column":1}}},"fnMap":{},"branchMap":{},"s":{"0":0},"f":{},"b":{}}
,"/Users/evandouglass/Code/apps/random-insights/src/i18n/index.ts": {"path":"/Users/evandouglass/Code/apps/random-insights/src/i18n/index.ts","statementMap":{},"fnMap":{},"branchMap":{},"s":{},"f":{},"b":{}}
,"/Users/evandouglass/Code/apps/random-insights/src/meditations/constants.ts": {"path":"/Users/evandouglass/Code/apps/random-insights/src/meditations/constants.ts","statementMap":{"0":{"start":{"line":4,"column":39},"end":{"line":4,"column":79}},"1":{"start":{"line":5,"column":36},"end":{"line":5,"column":77}},"2":{"start":{"line":6,"column":38},"end":{"line":6,"column":74}},"3":{"start":{"line":7,"column":39},"end":{"line":7,"column":70}},"4":{"start":{"line":8,"column":41},"end":{"line":8,"column":74}},"5":{"start":{"line":13,"column":41},"end":{"line":271,"column":1}}},"fnMap":{},"branchMap":{},"s":{"0":0,"1":0,"2":0,"3":0,"4":0,"5":0},"f":{},"b":{}}
,"/Users/evandouglass/Code/apps/random-insights/src/meditations/index.ts": {"path":"/Users/evandouglass/Code/apps/random-insights/src/meditations/index.ts","statementMap":{},"fnMap":{},"branchMap":{},"s":{},"f":{},"b":{}}
,"/Users/evandouglass/Code/apps/random-insights/src/meditations/types.ts": {"path":"/Users/evandouglass/Code/apps/random-insights/src/meditations/types.ts","statementMap":{},"fnMap":{},"branchMap":{},"s":{},"f":{},"b":{}}
,"/Users/evandouglass/Code/apps/random-insights/src/meditations/utils.ts": {"path":"/Users/evandouglass/Code/apps/random-insights/src/meditations/utils.ts","statementMap":{"0":{"start":{"line":8,"column":14},"end":{"line":8,"column":35}},"1":{"start":{"line":9,"column":2},"end":{"line":11,"column":3}},"2":{"start":{"line":10,"column":4},"end":{"line":10,"column":77}},"3":{"start":{"line":13,"column":22},"end":{"line":13,"column":53}},"4":{"start":{"line":14,"column":2},"end":{"line":14,"column":37}}},"fnMap":{"0":{"name":"getRandomMeditation","decl":{"start":{"line":7,"column":16},"end":{"line":7,"column":35}},"loc":{"start":{"line":7,"column":78},"end":{"line":15,"column":1}},"line":7}},"branchMap":{"0":{"loc":{"start":{"line":9,"column":2},"end":{"line":11,"column":3}},"type":"if","locations":[{"start":{"line":9,"column":2},"end":{"line":11,"column":3}},{"start":{},"end":{}}],"line":9}},"s":{"0":0,"1":0,"2":0,"3":0,"4":0},"f":{"0":0},"b":{"0":[0,0]}}
,"/Users/evandouglass/Code/apps/random-insights/src/navigators/AppNavigator.tsx": {"path":"/Users/evandouglass/Code/apps/random-insights/src/navigators/AppNavigator.tsx","statementMap":{"0":{"start":{"line":8,"column":14},"end":{"line":8,"column":42}},"1":{"start":{"line":11,"column":2},"end":{"line":32,"column":4}},"2":{"start":{"line":19,"column":12},"end":{"line":22,"column":14}},"3":{"start":{"line":35,"column":26},"end":{"line":39,"column":1}}},"fnMap":{"0":{"name":"AppNavigator","decl":{"start":{"line":10,"column":16},"end":{"line":10,"column":28}},"loc":{"start":{"line":10,"column":31},"end":{"line":33,"column":1}},"line":10},"1":{"name":"(anonymous_1)","decl":{"start":{"line":18,"column":22},"end":{"line":18,"column":23}},"loc":{"start":{"line":19,"column":12},"end":{"line":22,"column":14}},"line":19}},"branchMap":{},"s":{"0":0,"1":0,"2":0,"3":0},"f":{"0":0,"1":0},"b":{}}
,"/Users/evandouglass/Code/apps/random-insights/src/navigators/index.ts": {"path":"/Users/evandouglass/Code/apps/random-insights/src/navigators/index.ts","statementMap":{},"fnMap":{},"branchMap":{},"s":{},"f":{},"b":{}}
,"/Users/evandouglass/Code/apps/random-insights/src/screens/MeditationSettingsScreen.tsx": {"path":"/Users/evandouglass/Code/apps/random-insights/src/screens/MeditationSettingsScreen.tsx","statementMap":{"0":{"start":{"line":9,"column":2},"end":{"line":64,"column":4}},"1":{"start":{"line":67,"column":30},"end":{"line":71,"column":1}}},"fnMap":{"0":{"name":"MeditationSettingsScreen","decl":{"start":{"line":8,"column":16},"end":{"line":8,"column":40}},"loc":{"start":{"line":8,"column":43},"end":{"line":65,"column":1}},"line":8}},"branchMap":{},"s":{"0":0,"1":0},"f":{"0":0},"b":{}}
,"/Users/evandouglass/Code/apps/random-insights/src/screens/index.ts": {"path":"/Users/evandouglass/Code/apps/random-insights/src/screens/index.ts","statementMap":{},"fnMap":{},"branchMap":{},"s":{},"f":{},"b":{}}
,"/Users/evandouglass/Code/apps/random-insights/src/theme/index.ts": {"path":"/Users/evandouglass/Code/apps/random-insights/src/theme/index.ts","statementMap":{},"fnMap":{},"branchMap":{},"s":{},"f":{},"b":{}}
,"/Users/evandouglass/Code/apps/random-insights/src/theme/spacing.ts": {"path":"/Users/evandouglass/Code/apps/random-insights/src/theme/spacing.ts","statementMap":{"0":{"start":{"line":4,"column":23},"end":{"line":14,"column":10}}},"fnMap":{},"branchMap":{},"s":{"0":0},"f":{},"b":{}}
,"/Users/evandouglass/Code/apps/random-insights/src/theme/typeography.ts": {"path":"/Users/evandouglass/Code/apps/random-insights/src/theme/typeography.ts","statementMap":{"0":{"start":{"line":4,"column":24},"end":{"line":10,"column":10}}},"fnMap":{},"branchMap":{},"s":{"0":0},"f":{},"b":{}}
}
