TN:
SF:src/components/Card.tsx
FN:17,Card
FNF:1
FNH:0
FNDA:0,Card
DA:18,0
DA:33,0
DA:40,0
DA:45,0
DA:51,0
LF:5
LH:0
BRF:0
BRH:0
end_of_record
TN:
SF:src/components/MeditationTypeCard.tsx
FN:6,MeditationTypeCard
FN:14,(anonymous_1)
FNF:2
FNH:0
FNDA:0,MeditationTypeCard
FNDA:0,(anonymous_1)
DA:7,0
DA:14,0
DA:15,0
DA:16,0
DA:17,0
DA:19,0
DA:22,0
LF:7
LH:0
BRF:0
BRH:0
end_of_record
TN:
SF:src/components/index.ts
FNF:0
FNH:0
LF:0
LH:0
BRF:0
BRH:0
end_of_record
TN:
SF:src/i18n/en.ts
FNF:0
FNH:0
DA:1,0
LF:1
LH:0
BRF:0
BRH:0
end_of_record
TN:
SF:src/i18n/index.ts
FNF:0
FNH:0
LF:0
LH:0
BRF:0
BRH:0
end_of_record
TN:
SF:src/meditations/constants.ts
FNF:0
FNH:0
DA:4,0
DA:5,0
DA:6,0
DA:7,0
DA:8,0
DA:13,0
LF:6
LH:0
BRF:0
BRH:0
end_of_record
TN:
SF:src/meditations/index.ts
FNF:0
FNH:0
LF:0
LH:0
BRF:0
BRH:0
end_of_record
TN:
SF:src/meditations/types.ts
FNF:0
FNH:0
LF:0
LH:0
BRF:0
BRH:0
end_of_record
TN:
SF:src/meditations/utils.ts
FN:7,getRandomMeditation
FNF:1
FNH:0
FNDA:0,getRandomMeditation
DA:8,0
DA:9,0
DA:10,0
DA:13,0
DA:14,0
LF:5
LH:0
BRDA:9,0,0,0
BRDA:9,0,1,0
BRF:2
BRH:0
end_of_record
TN:
SF:src/navigators/AppNavigator.tsx
FN:10,AppNavigator
FN:18,(anonymous_1)
FNF:2
FNH:0
FNDA:0,AppNavigator
FNDA:0,(anonymous_1)
DA:8,0
DA:11,0
DA:19,0
DA:35,0
LF:4
LH:0
BRF:0
BRH:0
end_of_record
TN:
SF:src/navigators/index.ts
FNF:0
FNH:0
LF:0
LH:0
BRF:0
BRH:0
end_of_record
TN:
SF:src/screens/MeditationSettingsScreen.tsx
FN:8,MeditationSettingsScreen
FNF:1
FNH:0
FNDA:0,MeditationSettingsScreen
DA:9,0
DA:67,0
LF:2
LH:0
BRF:0
BRH:0
end_of_record
TN:
SF:src/screens/index.ts
FNF:0
FNH:0
LF:0
LH:0
BRF:0
BRH:0
end_of_record
TN:
SF:src/theme/index.ts
FNF:0
FNH:0
LF:0
LH:0
BRF:0
BRH:0
end_of_record
TN:
SF:src/theme/spacing.ts
FNF:0
FNH:0
DA:4,0
LF:1
LH:0
BRF:0
BRH:0
end_of_record
TN:
SF:src/theme/typeography.ts
FNF:0
FNH:0
DA:4,0
LF:1
LH:0
BRF:0
BRH:0
end_of_record
